<html>
<body>
<pre>
<h1>µVision Build Log</h1>
<h2>Tool Versions:</h2>
IDE-Version: µVision V5.24.2.0
Copyright (C) 2017 ARM Ltd and ARM Germany GmbH. All rights reserved.
License Information: Brunna de Paulo, IFCE, LIC=----
 
Tool Versions:
Toolchain:       MDK-Lite  Version: 5.24.1
Toolchain Path:  C:\Keil_v5\ARM\ARMCC\Bin
C Compiler:      Armcc.exe V5.06 update 5 (build 528)
Assembler:       Armasm.exe V5.06 update 5 (build 528)
Linker/Locator:  ArmLink.exe V5.06 update 5 (build 528)
Library Manager: ArmAr.exe V5.06 update 5 (build 528)
Hex Converter:   FromElf.exe V5.06 update 5 (build 528)
CPU DLL:         SARMCM3.DLL V5.24.1
Dialog DLL:      DCM.DLL V1.16.0.0
Target DLL:      STLink\ST-LINKIII-KEIL_SWO.dll V3.0.1.0
Dialog DLL:      TCM.DLL V1.32.0.0
 
<h2>Project:</h2>
C:\Users\depau\Downloads\STM32Cube_FW_F4_V1.21.0\Projects\STM32F4-Discovery\Examples\I2C\I2C_TwoBoards_ComPolling\MDK-ARM\Project.uvprojx
Project File Date:  08/27/2018

<h2>Output:</h2>
*** Using Compiler 'V5.06 update 5 (build 528)', folder: 'C:\Keil_v5\ARM\ARMCC\Bin'
Build target 'STM32F4-Discovery'
compiling mpu60x.c...
..\Src\mpu60x.c(31): error:  #20: identifier "uint_t" is undefined
  static uint_t mpu60x_get_register(uint8_t register_to_get, uint8_t size)
..\Src\mpu60x.c(34): warning:  #550-D: variable "status"  was set but never used
  	HAL_StatusTypeDef status;
..\Src\mpu60x.c(44): warning:  #550-D: variable "status"  was set but never used
  	HAL_StatusTypeDef status;
..\Src\mpu60x.c(204): error:  #147-D: declaration is incompatible with "uint16_t mpu60x_get_sensor(MPU60x_Sensor_Type, MPU60x_Axis)"  (declared at line 41 of "..\Inc\mpu60x.h")
  uint16_t mpu60x_get_sensor(MPU60x_Sensor_Type sensor, MPU60x_Axis axis, uint8_t size)
..\Src\mpu60x.c(207): error:  #65: expected a ";"
  	uint8_t *data_addr &;
..\Src\mpu60x.c(212): error:  #137: expression must be a modifiable lvalue
  			data = mpu60x_get_gyro_axis(axis);
..\Src\mpu60x.c(217): error:  #137: expression must be a modifiable lvalue
  			data = mpu60x_get_accel_axis(axis);
..\Src\mpu60x.c(224): error:  #137: expression must be a modifiable lvalue
  			data =  mpu60x_get_temperature();
..\Src\mpu60x.c(228): error:  #120: return value type does not match the function type
  	return data;
..\Src\mpu60x.c(207): warning:  #177-D: variable "data_addr"  was declared but never referenced
  	uint8_t *data_addr &;
..\Src\mpu60x.c(84): warning:  #177-D: function "mpu60x_temperature_sensor_disable"  was declared but never referenced
  static void mpu60x_temperature_sensor_disable(void)
..\Src\mpu60x.c: 4 warnings, 7 errors
"STM32F4-Discovery\STM32F4-Discovery.axf" - 7 Error(s), 4 Warning(s).

<h2>Software Packages used:</h2>

Package Vendor: ARM
                http://www.keil.com/pack/ARM.CMSIS.5.0.1.pack
                ARM.CMSIS.5.0.1
                CMSIS (Cortex Microcontroller Software Interface Standard)
   * Component: CORE Version: 5.0.1

Package Vendor: Keil
                http://www.keil.com/pack/Keil.STM32F4xx_DFP.2.12.0.pack
                Keil.STM32F4xx_DFP.2.12.0
                STMicroelectronics STM32F4 Series Device Support, Drivers and Examples

<h2>Collection of Component include folders:</h2>
  .\RTE\_STM32F4-Discovery
  C:\Keil_v5\ARM\PACK\ARM\CMSIS\5.0.1\CMSIS\Include
  C:\Keil_v5\ARM\PACK\Keil\STM32F4xx_DFP\2.12.0\Drivers\CMSIS\Device\ST\STM32F4xx\Include

<h2>Collection of Component Files used:</h2>

   * Component: ARM::CMSIS:CORE:5.0.1
Target not created.
Build Time Elapsed:  00:00:07
</pre>
</body>
</html>
